{
  "RSpec": {
    "coverage": {
      "/home/batman/imgspace/app/models/user.rb": [
        1,
        1,
        null,
        null,
        1,
        6,
        1,
        null,
        null,
        null,
        1,
        1,
        null,
        1,
        1,
        null,
        1,
        null,
        null,
        1,
        2,
        null,
        2,
        null,
        null
      ],
      "/home/batman/imgspace/app/models/post.rb": [
        1,
        null,
        1,
        1,
        1,
        null,
        1,
        null,
        null,
        null,
        1,
        null,
        null,
        21,
        null
      ],
      "/home/batman/imgspace/app/helpers/application_helper.rb": [
        1,
        1,
        0,
        null,
        0,
        null,
        0,
        null,
        0,
        null,
        0,
        null,
        0,
        null,
        null,
        null
      ],
      "/home/batman/imgspace/app/helpers/home_helper.rb": [
        1,
        null
      ],
      "/home/batman/imgspace/app/helpers/posts_helper.rb": [
        1,
        null,
        1,
        0,
        null,
        null,
        null,
        null,
        0,
        null,
        null,
        null,
        0,
        null,
        null,
        null,
        null,
        null,
        null,
        null,
        null
      ],
      "/home/batman/imgspace/app/helpers/sessions_helper.rb": [
        1,
        null,
        1,
        5,
        null,
        null,
        1,
        1,
        1,
        null,
        null,
        null,
        1,
        null,
        null,
        46,
        null,
        null,
        1,
        null,
        24,
        null,
        null,
        1,
        4,
        4,
        null,
        null,
        1,
        4,
        null,
        null
      ],
      "/home/batman/imgspace/app/helpers/users_helper.rb": [
        1,
        null,
        1,
        0,
        null,
        null,
        null
      ],
      "/home/batman/imgspace/test/helpers/posts_helper_test.rb": [
        1,
        null,
        1,
        null
      ],
      "/home/batman/imgspace/test/helpers/sessions_helper_test.rb": [
        1,
        null,
        1,
        null
      ],
      "/home/batman/imgspace/test/helpers/users_helper_test.rb": [
        1,
        null,
        1,
        null,
        null
      ],
      "/home/batman/imgspace/test/models/post_test.rb": [
        1,
        null,
        1,
        1,
        5,
        null,
        5,
        null,
        null,
        null,
        1,
        1,
        null,
        null,
        1,
        1,
        1,
        null,
        null,
        1,
        1,
        null,
        null,
        1,
        1,
        1,
        null,
        null,
        1,
        1,
        1,
        null,
        null
      ],
      "/home/batman/imgspace/test/models/user_test.rb": [
        1,
        null,
        1,
        null,
        1,
        9,
        null,
        null,
        null,
        1,
        1,
        null,
        null,
        1,
        1,
        1,
        null,
        null,
        1,
        1,
        1,
        null,
        null,
        1,
        1,
        1,
        null,
        null,
        1,
        1,
        null,
        1,
        5,
        5,
        null,
        null,
        null,
        1,
        1,
        null,
        1,
        5,
        5,
        null,
        null,
        null,
        1,
        null,
        1,
        1,
        1,
        1,
        null,
        null,
        1,
        1,
        1,
        null,
        null,
        1,
        1,
        1,
        1,
        1,
        null,
        null,
        null
      ],
      "/home/batman/imgspace/test/controllers/home_controller_test.rb": [
        1,
        null,
        1,
        1,
        1,
        1,
        null,
        null,
        null
      ],
      "/home/batman/imgspace/test/controllers/posts_controller_test.rb": [
        1,
        null,
        1,
        null,
        null,
        null,
        null
      ],
      "/home/batman/imgspace/test/controllers/sessions_controller_test.rb": [
        1,
        null,
        1,
        1,
        1,
        1,
        null,
        null,
        null
      ],
      "/home/batman/imgspace/test/controllers/users_controller_test.rb": [
        1,
        null,
        1,
        1,
        6,
        6,
        null,
        null,
        1,
        1,
        1,
        null,
        null,
        1,
        1,
        1,
        null,
        null,
        1,
        1,
        1,
        null,
        null,
        1,
        1,
        1,
        null,
        null,
        1,
        1,
        1,
        1,
        null,
        null,
        1,
        1,
        1,
        1,
        null,
        null,
        null,
        null,
        null,
        null
      ],
      "/home/batman/imgspace/test/integration/users_edit_test.rb": [
        1,
        null,
        1,
        1,
        3,
        null,
        null,
        1,
        1,
        null,
        null,
        null,
        1,
        1,
        null,
        null,
        null,
        null,
        null,
        1,
        null,
        null,
        1,
        1,
        null,
        1,
        1,
        1,
        null,
        1,
        null,
        null,
        null,
        null,
        1,
        1,
        null,
        null,
        1,
        1,
        1,
        null,
        null,
        1,
        null,
        null,
        1,
        1,
        1,
        null,
        1,
        1,
        null,
        1,
        null,
        null,
        null,
        null,
        1,
        1,
        null,
        null,
        1,
        1,
        1,
        null,
        null
      ],
      "/home/batman/imgspace/test/integration/users_login_test.rb": [
        1,
        null,
        1,
        null,
        1,
        1,
        null,
        null,
        1,
        1,
        1,
        null,
        null,
        1,
        null,
        1,
        null,
        1,
        null,
        1,
        null,
        null,
        null,
        1,
        1,
        1,
        null,
        null,
        1,
        1,
        null,
        null,
        1,
        null,
        1,
        null,
        null,
        null,
        1,
        1,
        1,
        null,
        null
      ],
      "/home/batman/imgspace/test/integration/users_signup_test.rb": [
        1,
        null,
        1,
        null,
        1,
        1,
        null,
        null,
        null,
        1,
        1,
        null,
        null,
        null,
        null,
        null,
        null,
        1,
        null,
        null,
        1,
        1,
        1,
        1,
        null,
        null,
        1,
        1,
        null,
        null,
        null,
        null,
        null,
        1,
        null,
        null,
        1,
        null,
        null,
        null
      ],
      "/home/batman/imgspace/app/controllers/home_controller.rb": [
        1,
        1,
        null,
        null
      ],
      "/home/batman/imgspace/app/controllers/application_controller.rb": [
        1,
        null,
        null,
        1,
        null,
        null,
        1,
        null
      ],
      "/home/batman/imgspace/app/controllers/sessions_controller.rb": [
        1,
        1,
        null,
        null,
        1,
        4,
        4,
        null,
        4,
        4,
        null,
        null,
        0,
        0,
        null,
        null,
        null,
        1,
        1,
        1,
        null,
        null
      ],
      "/home/batman/imgspace/app/controllers/users_controller.rb": [
        1,
        null,
        1,
        1,
        null,
        1,
        0,
        null,
        null,
        null,
        1,
        2,
        2,
        null,
        null,
        1,
        2,
        null,
        null,
        1,
        3,
        3,
        null,
        2,
        2,
        null,
        1,
        null,
        null,
        null,
        1,
        3,
        null,
        null,
        null,
        1,
        2,
        2,
        1,
        1,
        1,
        null,
        1,
        1,
        null,
        null,
        null,
        null,
        1,
        null,
        null,
        0,
        0,
        null,
        null,
        1,
        1,
        5,
        null,
        null,
        null,
        1,
        11,
        null,
        4,
        4,
        4,
        null,
        null,
        null,
        1,
        null,
        7,
        7,
        null,
        null
      ]
    },
    "timestamp": 1415653429
  }
}
